2017-11-23 23:36:46.786 [main] DEBUG com.imooc.o2o.dao.LocalAuthDao.insertLocalAuth - ==>  Preparing: INSERT INTO tb_local_auth(username,password,user_id,create_time,last_edit_time) VALUES (?,?,?,?,?) 
2017-11-23 23:36:46.841 [main] DEBUG com.imooc.o2o.dao.LocalAuthDao.insertLocalAuth - ==> Parameters: testusername(String), testpassword(String), 1(Long), 2017-11-23 23:36:46.35(Timestamp), null
2017-11-23 23:36:47.906 [main] DEBUG com.imooc.o2o.dao.LocalAuthDao.insertLocalAuth - <==    Updates: 1
2017-11-23 23:37:49.002 [main] DEBUG c.i.o.dao.LocalAuthDao.queryLocalByUserNameAndPwd - ==>  Preparing: SELECT l.local_auth_id, l.username, l.password, l.create_time, l.last_edit_time, p.user_id, p.name, p.gender, p.email, p.profile_img, p.user_type, p.create_time, p.last_edit_time, p.enable_status FROM tb_local_auth l LEFT JOIN tb_person_info p ON l.user_id = p.user_id WHERE l.username = ? AND l.password = ? 
2017-11-23 23:37:49.034 [main] DEBUG c.i.o.dao.LocalAuthDao.queryLocalByUserNameAndPwd - ==> Parameters: testusername(String), testpassword(String)
2017-11-23 23:37:49.055 [main] DEBUG c.i.o.dao.LocalAuthDao.queryLocalByUserNameAndPwd - <==      Total: 1
2017-11-23 23:38:11.939 [main] DEBUG com.imooc.o2o.dao.LocalAuthDao.queryLocalByUserId - ==>  Preparing: SELECT l.local_auth_id, l.username, l.password, l.create_time, l.last_edit_time, p.user_id, p.name, p.gender, p.email, p.profile_img, p.user_type, p.create_time, p.last_edit_time, p.enable_status FROM tb_local_auth l LEFT JOIN tb_person_info p ON l.user_id = p.user_id WHERE l.user_id = ? 
2017-11-23 23:38:11.965 [main] DEBUG com.imooc.o2o.dao.LocalAuthDao.queryLocalByUserId - ==> Parameters: 1(Long)
2017-11-23 23:38:11.984 [main] DEBUG com.imooc.o2o.dao.LocalAuthDao.queryLocalByUserId - <==      Total: 1
2017-11-23 23:38:36.033 [main] DEBUG com.imooc.o2o.dao.LocalAuthDao.updateLocalAuth - ==>  Preparing: update tb_local_auth SET password=?, last_edit_time=? where user_id=? AND username=? AND password=? 
2017-11-23 23:38:36.065 [main] DEBUG com.imooc.o2o.dao.LocalAuthDao.updateLocalAuth - ==> Parameters: testpasswordnew(String), 2017-11-23 23:38:35.707(Timestamp), 1(Long), testusername(String), testpassword(String)
2017-11-23 23:38:36.399 [main] DEBUG com.imooc.o2o.dao.LocalAuthDao.updateLocalAuth - <==    Updates: 1
2017-11-23 23:38:36.402 [main] DEBUG com.imooc.o2o.dao.LocalAuthDao.queryLocalByUserId - ==>  Preparing: SELECT l.local_auth_id, l.username, l.password, l.create_time, l.last_edit_time, p.user_id, p.name, p.gender, p.email, p.profile_img, p.user_type, p.create_time, p.last_edit_time, p.enable_status FROM tb_local_auth l LEFT JOIN tb_person_info p ON l.user_id = p.user_id WHERE l.user_id = ? 
2017-11-23 23:38:36.403 [main] DEBUG com.imooc.o2o.dao.LocalAuthDao.queryLocalByUserId - ==> Parameters: 1(Long)
2017-11-23 23:38:36.418 [main] DEBUG com.imooc.o2o.dao.LocalAuthDao.queryLocalByUserId - <==      Total: 1
2017-11-23 23:45:32.275 [main] DEBUG com.imooc.o2o.dao.LocalAuthDao.queryLocalByUserId - ==>  Preparing: SELECT l.local_auth_id, l.username, l.password, l.create_time, l.last_edit_time, p.user_id, p.name, p.gender, p.email, p.profile_img, p.user_type, p.create_time, p.last_edit_time, p.enable_status FROM tb_local_auth l LEFT JOIN tb_person_info p ON l.user_id = p.user_id WHERE l.user_id = ? 
2017-11-23 23:45:32.314 [main] DEBUG com.imooc.o2o.dao.LocalAuthDao.queryLocalByUserId - ==> Parameters: 1(Long)
2017-11-23 23:45:32.334 [main] DEBUG com.imooc.o2o.dao.LocalAuthDao.queryLocalByUserId - <==      Total: 1
2017-11-23 23:48:34.708 [main] DEBUG com.imooc.o2o.dao.LocalAuthDao.queryLocalByUserId - ==>  Preparing: SELECT l.local_auth_id, l.username, l.password, l.create_time, l.last_edit_time, p.user_id, p.name, p.gender, p.email, p.profile_img, p.user_type, p.create_time, p.last_edit_time, p.enable_status FROM tb_local_auth l LEFT JOIN tb_person_info p ON l.user_id = p.user_id WHERE l.user_id = ? 
2017-11-23 23:48:34.746 [main] DEBUG com.imooc.o2o.dao.LocalAuthDao.queryLocalByUserId - ==> Parameters: 1(Long)
2017-11-23 23:48:34.763 [main] DEBUG com.imooc.o2o.dao.LocalAuthDao.queryLocalByUserId - <==      Total: 0
2017-11-23 23:48:34.774 [main] DEBUG com.imooc.o2o.dao.LocalAuthDao.insertLocalAuth - ==>  Preparing: INSERT INTO tb_local_auth(username,password,user_id,create_time,last_edit_time) VALUES (?,?,?,?,?) 
2017-11-23 23:48:34.779 [main] DEBUG com.imooc.o2o.dao.LocalAuthDao.insertLocalAuth - ==> Parameters: testusername(String), s06l5bl5s05602ly2syls6556q56sb6e(String), 1(Long), 2017-11-23 23:48:34.773(Timestamp), 2017-11-23 23:48:34.773(Timestamp)
2017-11-23 23:48:34.802 [main] DEBUG com.imooc.o2o.dao.LocalAuthDao.insertLocalAuth - <==    Updates: 1
2017-11-23 23:48:34.843 [main] DEBUG com.imooc.o2o.dao.LocalAuthDao.queryLocalByUserId - ==>  Preparing: SELECT l.local_auth_id, l.username, l.password, l.create_time, l.last_edit_time, p.user_id, p.name, p.gender, p.email, p.profile_img, p.user_type, p.create_time, p.last_edit_time, p.enable_status FROM tb_local_auth l LEFT JOIN tb_person_info p ON l.user_id = p.user_id WHERE l.user_id = ? 
2017-11-23 23:48:34.844 [main] DEBUG com.imooc.o2o.dao.LocalAuthDao.queryLocalByUserId - ==> Parameters: 1(Long)
2017-11-23 23:48:34.848 [main] DEBUG com.imooc.o2o.dao.LocalAuthDao.queryLocalByUserId - <==      Total: 1
2017-11-23 23:50:25.339 [main] DEBUG com.imooc.o2o.dao.LocalAuthDao.updateLocalAuth - ==>  Preparing: update tb_local_auth SET password=?, last_edit_time=? where user_id=? AND username=? AND password=? 
2017-11-23 23:50:25.368 [main] DEBUG com.imooc.o2o.dao.LocalAuthDao.updateLocalAuth - ==> Parameters: 6559sq606y6l92e9ss5qsqb5q92e566b(String), 2017-11-23 23:50:25.289(Timestamp), 1(Long), testusername(String), s06l5bl5s05602ly2syls6556q56sb6e(String)
2017-11-23 23:50:25.379 [main] DEBUG com.imooc.o2o.dao.LocalAuthDao.updateLocalAuth - <==    Updates: 1
2017-11-23 23:50:25.420 [main] DEBUG c.i.o.dao.LocalAuthDao.queryLocalByUserNameAndPwd - ==>  Preparing: SELECT l.local_auth_id, l.username, l.password, l.create_time, l.last_edit_time, p.user_id, p.name, p.gender, p.email, p.profile_img, p.user_type, p.create_time, p.last_edit_time, p.enable_status FROM tb_local_auth l LEFT JOIN tb_person_info p ON l.user_id = p.user_id WHERE l.username = ? AND l.password = ? 
2017-11-23 23:50:25.420 [main] DEBUG c.i.o.dao.LocalAuthDao.queryLocalByUserNameAndPwd - ==> Parameters: testusername(String), 6559sq606y6l92e9ss5qsqb5q92e566b(String)
2017-11-23 23:50:25.440 [main] DEBUG c.i.o.dao.LocalAuthDao.queryLocalByUserNameAndPwd - <==      Total: 1
